\BOOKMARK [0][-]{chapter.1}{Inledning}{}% 1
\BOOKMARK [1][-]{section.1.1}{Syfte}{chapter.1}% 2
\BOOKMARK [1][-]{section.1.2}{F\366rarbete}{chapter.1}% 3
\BOOKMARK [0][-]{chapter.2}{Implementation}{}% 4
\BOOKMARK [1][-]{section.2.1}{Fysiskt System}{chapter.2}% 5
\BOOKMARK [2][-]{subsection.2.1.1}{Kollision med underlag}{section.2.1}% 6
\BOOKMARK [2][-]{subsection.2.1.2}{Kollision mellan bollar}{section.2.1}% 7
\BOOKMARK [2][-]{subsection.2.1.3}{Eulers stegmetod}{section.2.1}% 8
\BOOKMARK [1][-]{section.2.2}{Simuleringar i MATLAB}{chapter.2}% 9
\BOOKMARK [2][-]{subsection.2.2.1}{Simulering i 1D}{section.2.2}% 10
\BOOKMARK [2][-]{subsection.2.2.2}{Simulering i 3D}{section.2.2}% 11
\BOOKMARK [1][-]{section.2.3}{Simulering i WebGL}{chapter.2}% 12
\BOOKMARK [0][-]{chapter.3}{Resultat och Diskussion}{}% 13
\BOOKMARK [1][-]{section.3.1}{F\366renklingar}{chapter.3}% 14
\BOOKMARK [1][-]{section.3.2}{Resultat}{chapter.3}% 15
\BOOKMARK [1][-]{section.3.3}{Reflektion}{chapter.3}% 16
\BOOKMARK [0][-]{chapter*.3}{Litteraturf\366rteckning}{}% 17
\BOOKMARK [0][-]{appendix.A}{1D Simulering i MATLAB}{}% 18
\BOOKMARK [0][-]{appendix.B}{3D Simulering i MATLAB}{}% 19
\BOOKMARK [0][-]{appendix.C}{Kollision och Refakturering}{}% 20
\BOOKMARK [1][-]{subsection.C.0.1}{Huvudfil}{appendix.C}% 21
\BOOKMARK [2][-]{subsection.C.0.2}{Funktionsfil}{subsection.C.0.1}% 22
\BOOKMARK [0][-]{appendix.D}{index.html}{}% 23
